  PracticaUnidad6.2.cpp
C:\Users\Operador\Desktop\Angel Ríos\trabajos practicos\facultad\mavi\PracticaUnidad6\PracticaUnidad6.2\PracticaUnidad6.2.cpp(34,36): warning C4244: 'argumento': conversión de 'float' a 'unsigned int'; posible pérdida de datos
C:\Users\Operador\Desktop\Angel Ríos\trabajos practicos\facultad\mavi\PracticaUnidad6\PracticaUnidad6.2\PracticaUnidad6.2.cpp(34,29): warning C4244: 'argumento': conversión de 'float' a 'unsigned int'; posible pérdida de datos
PracticaUnidad6.2.obj : error LNK2019: símbolo externo "__declspec(dllimport) public: __cdecl sf::String::String(char const *,class std::locale const &)" (__imp_??0String@sf@@QEAA@PEBDAEBVlocale@std@@@Z) sin resolver al que se hace referencia en la función main
PracticaUnidad6.2.obj : error LNK2019: símbolo externo "__declspec(dllimport) public: __cdecl sf::String::~String(void)" (__imp_??1String@sf@@QEAA@XZ) sin resolver al que se hace referencia en la función main
PracticaUnidad6.2.obj : error LNK2019: símbolo externo "__declspec(dllimport) public: __cdecl sf::VideoMode::VideoMode(unsigned int,unsigned int,unsigned int)" (__imp_??0VideoMode@sf@@QEAA@III@Z) sin resolver al que se hace referencia en la función main
PracticaUnidad6.2.obj : error LNK2019: símbolo externo "__declspec(dllimport) public: void __cdecl sf::Window::close(void)" (__imp_?close@Window@sf@@QEAAXXZ) sin resolver al que se hace referencia en la función main
PracticaUnidad6.2.obj : error LNK2019: símbolo externo "__declspec(dllimport) public: bool __cdecl sf::Window::isOpen(void)const " (__imp_?isOpen@Window@sf@@QEBA_NXZ) sin resolver al que se hace referencia en la función main
PracticaUnidad6.2.obj : error LNK2019: símbolo externo "__declspec(dllimport) public: bool __cdecl sf::Window::pollEvent(class sf::Event &)" (__imp_?pollEvent@Window@sf@@QEAA_NAEAVEvent@2@@Z) sin resolver al que se hace referencia en la función main
PracticaUnidad6.2.obj : error LNK2019: símbolo externo "__declspec(dllimport) public: void __cdecl sf::Window::display(void)" (__imp_?display@Window@sf@@QEAAXXZ) sin resolver al que se hace referencia en la función main
PracticaUnidad6.2.obj : error LNK2019: símbolo externo "__declspec(dllimport) public: void __cdecl sf::Transformable::setPosition(class sf::Vector2<float> const &)" (__imp_?setPosition@Transformable@sf@@QEAAXAEBV?$Vector2@M@2@@Z) sin resolver al que se hace referencia en la función main
PracticaUnidad6.2.obj : error LNK2019: símbolo externo "__declspec(dllimport) public: void __cdecl sf::Transformable::setOrigin(float,float)" (__imp_?setOrigin@Transformable@sf@@QEAAXMM@Z) sin resolver al que se hace referencia en la función main
PracticaUnidad6.2.obj : error LNK2019: símbolo externo "__declspec(dllimport) public: class sf::Vector2<float> const & __cdecl sf::Transformable::getPosition(void)const " (__imp_?getPosition@Transformable@sf@@QEBAAEBV?$Vector2@M@2@XZ) sin resolver al que se hace referencia en la función main
PracticaUnidad6.2.obj : error LNK2019: símbolo externo "__declspec(dllimport) public: __cdecl sf::Color::Color(unsigned char,unsigned char,unsigned char,unsigned char)" (__imp_??0Color@sf@@QEAA@EEEE@Z) sin resolver al que se hace referencia en la función main
PracticaUnidad6.2.obj : error LNK2019: símbolo externo "__declspec(dllimport) public: void __cdecl sf::Shape::setFillColor(class sf::Color const &)" (__imp_?setFillColor@Shape@sf@@QEAAXAEBVColor@2@@Z) sin resolver al que se hace referencia en la función main
PracticaUnidad6.2.obj : error LNK2019: símbolo externo "__declspec(dllimport) public: class sf::Rect<float> __cdecl sf::Shape::getGlobalBounds(void)const " (__imp_?getGlobalBounds@Shape@sf@@QEBA?AV?$Rect@M@2@XZ) sin resolver al que se hace referencia en la función main
PracticaUnidad6.2.obj : error LNK2019: símbolo externo "__declspec(dllimport) public: __cdecl sf::CircleShape::CircleShape(float,unsigned __int64)" (__imp_??0CircleShape@sf@@QEAA@M_K@Z) sin resolver al que se hace referencia en la función "void __cdecl `dynamic initializer for 'circulo''(void)" (??__Ecirculo@@YAXXZ)
PracticaUnidad6.2.obj : error LNK2019: símbolo externo "__declspec(dllimport) public: void __cdecl sf::CircleShape::setRadius(float)" (__imp_?setRadius@CircleShape@sf@@QEAAXM@Z) sin resolver al que se hace referencia en la función main
PracticaUnidad6.2.obj : error LNK2019: símbolo externo "__declspec(dllimport) public: virtual __cdecl sf::CircleShape::~CircleShape(void)" (__imp_??1CircleShape@sf@@UEAA@XZ) sin resolver al que se hace referencia en la función "void __cdecl `dynamic atexit destructor for 'circulo''(void)" (??__Fcirculo@@YAXXZ)
PracticaUnidad6.2.obj : error LNK2019: símbolo externo "__declspec(dllimport) public: void __cdecl sf::RenderTarget::clear(class sf::Color const &)" (__imp_?clear@RenderTarget@sf@@QEAAXAEBVColor@2@@Z) sin resolver al que se hace referencia en la función main
PracticaUnidad6.2.obj : error LNK2019: símbolo externo "__declspec(dllimport) public: void __cdecl sf::RenderTarget::draw(class sf::Drawable const &,class sf::RenderStates const &)" (__imp_?draw@RenderTarget@sf@@QEAAXAEBVDrawable@2@AEBVRenderStates@2@@Z) sin resolver al que se hace referencia en la función main
PracticaUnidad6.2.obj : error LNK2019: símbolo externo "__declspec(dllimport) public: __cdecl sf::RenderWindow::RenderWindow(class sf::VideoMode,class sf::String const &,unsigned int,struct sf::ContextSettings const &)" (__imp_??0RenderWindow@sf@@QEAA@VVideoMode@1@AEBVString@1@IAEBUContextSettings@1@@Z) sin resolver al que se hace referencia en la función main
PracticaUnidad6.2.obj : error LNK2019: símbolo externo "__declspec(dllimport) public: virtual __cdecl sf::RenderWindow::~RenderWindow(void)" (__imp_??1RenderWindow@sf@@UEAA@XZ) sin resolver al que se hace referencia en la función main
PracticaUnidad6.2.obj : error LNK2019: símbolo externo "__declspec(dllimport) public: static class sf::RenderStates const sf::RenderStates::Default" (__imp_?Default@RenderStates@sf@@2V12@B) sin resolver al que se hace referencia en la función main
PracticaUnidad6.2.obj : error LNK2019: símbolo externo "__declspec(dllimport) public: static class sf::Color const sf::Color::Red" (__imp_?Red@Color@sf@@2V12@B) sin resolver al que se hace referencia en la función main
C:\Users\Operador\Desktop\Angel Ríos\SFML-2.5.1-windows-vc15-32-bit\SFML-2.5.1\lib\sfml-audio-d.lib : warning LNK4272: el tipo de máquina de biblioteca 'x86' está en conflicto con el tipo de máquina de destino 'x64'
C:\Users\Operador\Desktop\Angel Ríos\SFML-2.5.1-windows-vc15-32-bit\SFML-2.5.1\lib\sfml-graphics-d.lib : warning LNK4272: el tipo de máquina de biblioteca 'x86' está en conflicto con el tipo de máquina de destino 'x64'
C:\Users\Operador\Desktop\Angel Ríos\SFML-2.5.1-windows-vc15-32-bit\SFML-2.5.1\lib\sfml-main-d.lib : warning LNK4272: el tipo de máquina de biblioteca 'x86' está en conflicto con el tipo de máquina de destino 'x64'
C:\Users\Operador\Desktop\Angel Ríos\SFML-2.5.1-windows-vc15-32-bit\SFML-2.5.1\lib\sfml-system-d.lib : warning LNK4272: el tipo de máquina de biblioteca 'x86' está en conflicto con el tipo de máquina de destino 'x64'
C:\Users\Operador\Desktop\Angel Ríos\SFML-2.5.1-windows-vc15-32-bit\SFML-2.5.1\lib\sfml-window-d.lib : warning LNK4272: el tipo de máquina de biblioteca 'x86' está en conflicto con el tipo de máquina de destino 'x64'
C:\Users\Operador\Desktop\Angel Ríos\trabajos practicos\facultad\mavi\PracticaUnidad6\PracticaUnidad6.2\x64\Debug\PracticaUnidad6.2.exe : fatal error LNK1120: 22 externos sin resolver
